<?xml version="1.0" encoding="UTF-8"?>
<testng-results ignored="0" total="1" passed="1" failed="0" skipped="0">
  <reporter-output>
  </reporter-output>
  <suite started-at="2023-06-29T14:52:19Z" name="Default suite" finished-at="2023-06-29T14:52:47Z" duration-ms="28316">
    <groups>
      <group name="regression">
        <method signature="MMTRun.mmt()[pri:0, instance:cases.MMTRun@2250b9f2]" name="mmt" class="cases.MMTRun"/>
      </group> <!-- regression -->
    </groups>
    <test started-at="2023-06-29T14:52:19Z" name="Default test" finished-at="2023-06-29T14:52:47Z" duration-ms="28316">
      <class name="cases.MMTRun">
        <test-method is-config="true" signature="beforeSuite()[pri:0, instance:cases.MMTRun@2250b9f2]" started-at="2023-06-29T20:22:19Z" name="beforeSuite" finished-at="2023-06-29T20:22:19Z" duration-ms="6" status="PASS">
          <reporter-output>
          </reporter-output>
        </test-method> <!-- beforeSuite -->
        <test-method is-config="true" signature="beforeTest(java.lang.reflect.Method)[pri:0, instance:cases.MMTRun@2250b9f2]" started-at="2023-06-29T20:22:19Z" name="beforeTest" finished-at="2023-06-29T20:22:26Z" duration-ms="7797" status="PASS">
          <params>
            <param index="0">
              <value>
                <![CDATA[public void cases.MMTRun.mmt() throws java.lang.InterruptedException,java.text.ParseException]]>
              </value>
            </param>
          </params>
          <reporter-output>
          </reporter-output>
        </test-method> <!-- beforeTest -->
        <test-method signature="mmt()[pri:0, instance:cases.MMTRun@2250b9f2]" started-at="2023-06-29T20:22:26Z" name="mmt" finished-at="2023-06-29T20:22:46Z" duration-ms="19462" status="PASS">
          <reporter-output>
          </reporter-output>
        </test-method> <!-- mmt -->
        <test-method is-config="true" signature="quitBrowser(org.testng.ITestResult)[pri:0, instance:cases.MMTRun@2250b9f2]" started-at="2023-06-29T20:22:46Z" name="quitBrowser" finished-at="2023-06-29T20:22:47Z" duration-ms="1046" status="PASS">
          <params>
            <param index="0">
              <value>
                <![CDATA[[TestResult name=mmt status=SUCCESS method=MMTRun.mmt()[pri:0, instance:cases.MMTRun@2250b9f2] output={null}]]]>
              </value>
            </param>
          </params>
          <reporter-output>
          </reporter-output>
        </test-method> <!-- quitBrowser -->
        <test-method is-config="true" signature="afterSuite()[pri:0, instance:cases.MMTRun@2250b9f2]" started-at="2023-06-29T20:22:47Z" name="afterSuite" finished-at="2023-06-29T20:22:47Z" duration-ms="14" status="PASS">
          <reporter-output>
          </reporter-output>
        </test-method> <!-- afterSuite -->
      </class> <!-- cases.MMTRun -->
    </test> <!-- Default test -->
  </suite> <!-- Default suite -->
</testng-results>
